[    0.000000] Initializing cgroup subsys cpuset
[    0.000000] Initializing cgroup subsys cpu
[    0.000000] Initializing cgroup subsys cpuacct
[    0.000000] Linux version 4.4.0-210-generic (buildd@lgw01-amd64-009) (gcc version 5.4.0 20160609 (Ubuntu 5.4.0-6ubuntu1~16.04.12) ) #242-Ubuntu SMP Fri Apr 16 09:57:56 UTC 2021 (Ubuntu 4.4.0-210.242-generic 4.4.262)
[    0.000000] Command line: BOOT_IMAGE=/boot/vmlinuz-4.4.0-210-generic root=LABEL=cloudimg-rootfs ro console=tty1 console=ttyS0
[    0.000000] KERNEL supported cpus:
[    0.000000]   Intel GenuineIntel
[    0.000000]   AMD AuthenticAMD
[    0.000000]   Centaur CentaurHauls
[    0.000000] x86/fpu: xstate_offset[2]:  576, xstate_sizes[2]:  256
[    0.000000] x86/fpu: Supporting XSAVE feature 0x01: 'x87 floating point registers'
[    0.000000] x86/fpu: Supporting XSAVE feature 0x02: 'SSE registers'
[    0.000000] x86/fpu: Supporting XSAVE feature 0x04: 'AVX registers'
[    0.000000] x86/fpu: Enabled xstate features 0x7, context size is 832 bytes, using 'standard' format.
[    0.000000] e820: BIOS-provided physical RAM map:
[    0.000000] BIOS-e820: [mem 0x0000000000000000-0x000000000009fbff] usable
[    0.000000] BIOS-e820: [mem 0x000000000009fc00-0x000000000009ffff] reserved
[    0.000000] BIOS-e820: [mem 0x00000000000f0000-0x00000000000fffff] reserved
[    0.000000] BIOS-e820: [mem 0x0000000000100000-0x0000000018feffff] usable
[    0.000000] BIOS-e820: [mem 0x0000000018ff0000-0x0000000018ffffff] ACPI data
[    0.000000] BIOS-e820: [mem 0x00000000fec00000-0x00000000fec00fff] reserved
[    0.000000] BIOS-e820: [mem 0x00000000fee00000-0x00000000fee00fff] reserved
[    0.000000] BIOS-e820: [mem 0x00000000fffc0000-0x00000000ffffffff] reserved
[    0.000000] NX (Execute Disable) protection: active
[    0.000000] SMBIOS 2.5 present.
[    0.000000] Hypervisor detected: KVM
[    0.000000] e820: last_pfn = 0x18ff0 max_arch_pfn = 0x400000000
[    0.000000] MTRR: Disabled
[    0.000000] x86/PAT: MTRRs disabled, skipping PAT initialization too.
[    0.000000] CPU MTRRs all blank - virtualized system.
[    0.000000] x86/PAT: Configuration [0-7]: WB  WT  UC- UC  WB  WT  UC- UC  
[    0.000000] found SMP MP-table at [mem 0x0009fff0-0x0009ffff] mapped at [ffff88000009fff0]
[    0.000000] Scanning 1 areas for low memory corruption
[    0.000000] RAMDISK: [mem 0x178c2000-0x1874bfff]
[    0.000000] ACPI: Early table checksum verification disabled
[    0.000000] ACPI: RSDP 0x00000000000E0000 000024 (v02 VBOX  )
[    0.000000] ACPI: XSDT 0x0000000018FF0030 00003C (v01 VBOX   VBOXXSDT 00000001 ASL  00000061)
[    0.000000] ACPI: FACP 0x0000000018FF00F0 0000F4 (v04 VBOX   VBOXFACP 00000001 ASL  00000061)
[    0.000000] ACPI: DSDT 0x0000000018FF0610 002353 (v02 VBOX   VBOXBIOS 00000002 INTL 20100528)
[    0.000000] ACPI: FACS 0x0000000018FF0200 000040
[    0.000000] ACPI: FACS 0x0000000018FF0200 000040
[    0.000000] ACPI: APIC 0x0000000018FF0240 00005C (v02 VBOX   VBOXAPIC 00000001 ASL  00000061)
[    0.000000] ACPI: SSDT 0x0000000018FF02A0 00036C (v01 VBOX   VBOXCPUT 00000002 INTL 20100528)
[    0.000000] No NUMA configuration found
[    0.000000] Faking a node at [mem 0x0000000000000000-0x0000000018feffff]
[    0.000000] NODE_DATA(0) allocated [mem 0x18feb000-0x18feffff]
[    0.000000] kvm-clock: Using msrs 4b564d01 and 4b564d00
[    0.000000] kvm-clock: cpu 0, msr 0:18fe3001, primary cpu clock
[    0.000000] kvm-clock: using sched offset of 3473801679 cycles
[    0.000000] clocksource: kvm-clock: mask: 0xffffffffffffffff max_cycles: 0x1cd42e4dffb, max_idle_ns: 881590591483 ns
[    0.000000] Zone ranges:
[    0.000000]   DMA      [mem 0x0000000000001000-0x0000000000ffffff]
[    0.000000]   DMA32    [mem 0x0000000001000000-0x0000000018feffff]
[    0.000000]   Normal   empty
[    0.000000]   Device   empty
[    0.000000] Movable zone start for each node
[    0.000000] Early memory node ranges
[    0.000000]   node   0: [mem 0x0000000000001000-0x000000000009efff]
[    0.000000]   node   0: [mem 0x0000000000100000-0x0000000018feffff]
[    0.000000] Initmem setup node 0 [mem 0x0000000000001000-0x0000000018feffff]
[    0.000000] ACPI: PM-Timer IO Port: 0x4008
[    0.000000] IOAPIC[0]: apic_id 2, version 32, address 0xfec00000, GSI 0-23
[    0.000000] ACPI: INT_SRC_OVR (bus 0 bus_irq 0 global_irq 2 dfl dfl)
[    0.000000] ACPI: INT_SRC_OVR (bus 0 bus_irq 9 global_irq 9 low level)
[    0.000000] Using ACPI (MADT) for SMP configuration information
[    0.000000] smpboot: Allowing 2 CPUs, 0 hotplug CPUs
[    0.000000] PM: Registered nosave memory: [mem 0x00000000-0x00000fff]
[    0.000000] PM: Registered nosave memory: [mem 0x0009f000-0x0009ffff]
[    0.000000] PM: Registered nosave memory: [mem 0x000a0000-0x000effff]
[    0.000000] PM: Registered nosave memory: [mem 0x000f0000-0x000fffff]
[    0.000000] e820: [mem 0x19000000-0xfebfffff] available for PCI devices
[    0.000000] Booting paravirtualized kernel on KVM
[    0.000000] clocksource: refined-jiffies: mask: 0xffffffff max_cycles: 0xffffffff, max_idle_ns: 7645519600211568 ns
[    0.000000] setup_percpu: NR_CPUS:512 nr_cpumask_bits:512 nr_cpu_ids:2 nr_node_ids:1
[    0.000000] PERCPU: Embedded 33 pages/cpu @ffff880018c00000 s95192 r8192 d31784 u1048576
[    0.000000] Built 1 zonelists in Node order, mobility grouping on.  Total pages: 100664
[    0.000000] Policy zone: DMA32
[    0.000000] Kernel command line: BOOT_IMAGE=/boot/vmlinuz-4.4.0-210-generic root=LABEL=cloudimg-rootfs ro console=tty1 console=ttyS0
[    0.000000] PID hash table entries: 2048 (order: 2, 16384 bytes)
[    0.000000] Memory: 367024K/409144K available (8644K kernel code, 1332K rwdata, 4044K rodata, 1492K init, 1164K bss, 42120K reserved, 0K cma-reserved)
[    0.000000] SLUB: HWalign=64, Order=0-3, MinObjects=0, CPUs=2, Nodes=1
[    0.000000] Kernel/User page tables isolation: enabled
[    0.000000] Hierarchical RCU implementation.
[    0.000000] 	Build-time adjustment of leaf fanout to 64.
[    0.000000] 	RCU restricting CPUs from NR_CPUS=512 to nr_cpu_ids=2.
[    0.000000] RCU: Adjusting geometry for rcu_fanout_leaf=64, nr_cpu_ids=2
[    0.000000] NR_IRQS:33024 nr_irqs:440 16
[    0.000000] Console: colour VGA+ 80x25
[    0.000000] console [tty1] enabled
[    0.000000] console [ttyS0] enabled
[    0.000000] tsc: Detected 2095.152 MHz processor
[    0.181033] Calibrating delay loop (skipped) preset value.. 4190.30 BogoMIPS (lpj=8380608)
[    0.183308] pid_max: default: 32768 minimum: 301
[    0.184776] ACPI: Core revision 20150930
[    0.187256] ACPI: 2 ACPI AML tables successfully acquired and loaded
[    0.189071] Security Framework initialized
[    0.190249] Yama: becoming mindful.
[    0.191328] AppArmor: AppArmor initialized
[    0.192687] Dentry cache hash table entries: 65536 (order: 7, 524288 bytes)
[    0.194521] Inode-cache hash table entries: 32768 (order: 6, 262144 bytes)
[    0.196277] Mount-cache hash table entries: 1024 (order: 1, 8192 bytes)
[    0.198300] Mountpoint-cache hash table entries: 1024 (order: 1, 8192 bytes)
[    0.200233] Initializing cgroup subsys io
[    0.201554] Initializing cgroup subsys memory
[    0.202779] Initializing cgroup subsys devices
[    0.203991] Initializing cgroup subsys freezer
[    0.205381] Initializing cgroup subsys net_cls
[    0.206553] Initializing cgroup subsys perf_event
[    0.207812] Initializing cgroup subsys net_prio
[    0.209298] Initializing cgroup subsys hugetlb
[    0.210511] Initializing cgroup subsys pids
[    0.212863] mce: CPU supports 0 MCE banks
[    0.214033] Last level iTLB entries: 4KB 64, 2MB 8, 4MB 8
[    0.215270] Last level dTLB entries: 4KB 64, 2MB 0, 4MB 0, 1GB 4
[    0.216729] Spectre V1 : Mitigation: usercopy/swapgs barriers and __user pointer sanitization
[    0.218755] Spectre V2 : Mitigation: Full generic retpoline
[    0.220017] Spectre V2 : Spectre v2 / SpectreRSB mitigation: Filling RSB on context switch
[    0.222222] Speculative Store Bypass: Vulnerable
[    0.223335] SRBDS: Unknown: Dependent on hypervisor status
[    0.224773] MDS: Vulnerable: Clear CPU buffers attempted, no microcode
[    0.229656] Freeing SMP alternatives memory: 36K
[    0.238360] ftrace: allocating 32380 entries in 127 pages
[    0.319043] smpboot: APIC(0) Converting physical 0 to logical package 0
[    0.320931] smpboot: Max logical packages: 1
[    0.322497] x2apic enabled
[    0.323724] Switched APIC routing to physical x2apic.
[    0.326736] ..TIMER: vector=0x30 apic1=0 pin1=2 apic2=-1 pin2=-1
[    0.436513] smpboot: CPU0: Intel(R) Core(TM) i3-5010U CPU @ 2.10GHz (family: 0x6, model: 0x3d, stepping: 0x4)
[    0.439442] Performance Events: unsupported p6 CPU model 61 no PMU driver, software events only.
[    0.456845] KVM setup paravirtual spinlock
[    0.459015] x86: Booting SMP configuration:
[    0.460258] .... node  #0, CPUs:      #1
[    0.461613] kvm-clock: cpu 1, msr 0:18fe3041, secondary cpu clock
[    0.464040] mce: CPU supports 0 MCE banks
[    0.466865] x86: Booted up 1 node, 2 CPUs
[    0.468345] smpboot: Total of 2 processors activated (8380.60 BogoMIPS)
[    0.471602] devtmpfs: initialized
[    0.474175] evm: security.selinux
[    0.475250] evm: security.SMACK64
[    0.476298] evm: security.SMACK64EXEC
[    0.477443] evm: security.SMACK64TRANSMUTE
[    0.478641] evm: security.SMACK64MMAP
[    0.479776] evm: security.ima
[    0.480790] evm: security.capability
[    0.482217] clocksource: jiffies: mask: 0xffffffff max_cycles: 0xffffffff, max_idle_ns: 7645041785100000 ns
[    0.485056] futex hash table entries: 512 (order: 3, 32768 bytes)
[    0.486846] pinctrl core: initialized pinctrl subsystem
[    0.488406] RTC time: 12:47:12, date: 08/17/24
[    0.489958] NET: Registered protocol family 16
[    0.502120] cpuidle: using governor ladder
[    0.514274] cpuidle: using governor menu
[    0.515499] PCCT header not found.
[    0.516643] ACPI: bus type PCI registered
[    0.517835] acpiphp: ACPI Hot Plug PCI Controller Driver version: 0.5
[    0.519666] PCI: Using configuration type 1 for base access
[    0.536111] ACPI: Added _OSI(Module Device)
[    0.538899] ACPI: Added _OSI(Processor Device)
[    0.541923] ACPI: Added _OSI(3.0 _SCP Extensions)
[    0.544993] ACPI: Added _OSI(Processor Aggregator Device)
[    0.550660] ACPI: Executed 1 blocks of module-level executable AML code
[    0.562921] ACPI: Interpreter enabled
[    0.565900] ACPI: (supports S0 S5)
[    0.568605] ACPI: Using IOAPIC for interrupt routing
[    0.573029] PCI: Using host bridge windows from ACPI; if necessary, use "pci=nocrs" and report a bug
[    0.588665] ACPI: PCI Root Bridge [PCI0] (domain 0000 [bus 00-ff])
[    0.591155] acpi PNP0A03:00: _OSC: OS supports [ASPM ClockPM Segments MSI]
[    0.594415] acpi PNP0A03:00: _OSC: not requesting OS control; OS requires [ExtendedConfig ASPM ClockPM MSI]
[    0.598393] acpi PNP0A03:00: fail to add MMCONFIG information, can't access extended PCI configuration space under this bridge.
[    0.603593] PCI host bridge to bus 0000:00
[    0.605389] pci_bus 0000:00: root bus resource [io  0x0000-0x0cf7 window]
[    0.608158] pci_bus 0000:00: root bus resource [io  0x0d00-0xffff window]
[    0.610861] pci_bus 0000:00: root bus resource [mem 0x000a0000-0x000bffff window]
[    0.613779] pci_bus 0000:00: root bus resource [mem 0x19000000-0xfdffffff window]
[    0.615972] pci_bus 0000:00: root bus resource [bus 00-ff]
[    0.619555] pci 0000:00:01.1: legacy IDE quirk: reg 0x10: [io  0x01f0-0x01f7]
[    0.621458] pci 0000:00:01.1: legacy IDE quirk: reg 0x14: [io  0x03f6]
[    0.623202] pci 0000:00:01.1: legacy IDE quirk: reg 0x18: [io  0x0170-0x0177]
[    0.637861] pci 0000:00:01.1: legacy IDE quirk: reg 0x1c: [io  0x0376]
[    0.652502] pci 0000:00:07.0: quirk: [io  0x4000-0x403f] claimed by PIIX4 ACPI
[    0.654359] pci 0000:00:07.0: quirk: [io  0x4100-0x410f] claimed by PIIX4 SMB
[    0.664501] ACPI: PCI Interrupt Link [LNKA] (IRQs 5 9 10 *11)
[    0.666873] ACPI: PCI Interrupt Link [LNKB] (IRQs 5 9 *10 11)
[    0.669053] ACPI: PCI Interrupt Link [LNKC] (IRQs 5 *9 10 11)
[    0.673188] ACPI: PCI Interrupt Link [LNKD] (IRQs 5 9 10 *11)
[    0.675432] ACPI: Enabled 2 GPEs in block 00 to 07
[    0.677283] vgaarb: setting as boot device: PCI:0000:00:02.0
[    0.678778] vgaarb: device added: PCI:0000:00:02.0,decodes=io+mem,owns=io+mem,locks=none
[    0.681122] vgaarb: loaded
[    0.682013] vgaarb: bridge control possible 0000:00:02.0
[    0.683977] SCSI subsystem initialized
[    0.685327] ACPI: bus type USB registered
[    0.686569] usbcore: registered new interface driver usbfs
[    0.688104] usbcore: registered new interface driver hub
[    0.690053] usbcore: registered new device driver usb
[    0.692420] PCI: Using ACPI for IRQ routing
[    0.694244] NetLabel: Initializing
[    0.695360] NetLabel:  domain hash size = 128
[    0.696677] NetLabel:  protocols = UNLABELED CIPSOv4
[    0.698123] NetLabel:  unlabeled traffic allowed by default
[    0.699844] amd_nb: Cannot enumerate AMD northbridges
[    0.701380] clocksource: Switched to clocksource kvm-clock
[    0.711188] AppArmor: AppArmor Filesystem Enabled
[    0.712620] pnp: PnP ACPI init
[    0.714628] pnp: PnP ACPI: found 3 devices
[    0.725725] clocksource: acpi_pm: mask: 0xffffff max_cycles: 0xffffff, max_idle_ns: 2085701024 ns
[    0.728288] NET: Registered protocol family 2
[    0.729782] TCP established hash table entries: 4096 (order: 3, 32768 bytes)
[    0.731613] TCP bind hash table entries: 4096 (order: 4, 65536 bytes)
[    0.733351] TCP: Hash tables configured (established 4096 bind 4096)
[    0.735071] UDP hash table entries: 256 (order: 1, 8192 bytes)
[    0.736409] UDP-Lite hash table entries: 256 (order: 1, 8192 bytes)
[    0.737866] NET: Registered protocol family 1
[    0.738991] pci 0000:00:00.0: Limiting direct PCI/PCI transfers
[    0.740350] pci 0000:00:01.0: Activating ISA DMA hang workarounds
[    0.742877] Unpacking initramfs...
[    1.040210] Freeing initrd memory: 14888K
[    1.041753] RAPL PMU detected, API unit is 2^-32 Joules, 4 fixed counters 10737418240 ms ovfl timer
[    1.044335] hw unit of domain pp0-core 2^-0 Joules
[    1.045763] hw unit of domain package 2^-0 Joules
[    1.047492] hw unit of domain dram 2^-0 Joules
[    1.049162] hw unit of domain pp1-gpu 2^-0 Joules
[    1.050750] clocksource: tsc: mask: 0xffffffffffffffff max_cycles: 0x1e334ca44a8, max_idle_ns: 440795209927 ns
[    1.054322] platform rtc_cmos: registered platform RTC device (no PNP device found)
[    1.056454] Scanning for low memory corruption every 60 seconds
[    1.058452] audit: initializing netlink subsys (disabled)
[    1.059709] audit: type=2000 audit(1723898838.038:1): initialized
[    1.061410] Initialise system trusted keyring
[    1.062707] HugeTLB registered 2 MB page size, pre-allocated 0 pages
[    1.066042] zbud: loaded
[    1.067324] VFS: Disk quotas dquot_6.6.0
[    1.068353] VFS: Dquot-cache hash table entries: 512 (order 0, 4096 bytes)
[    1.070701] squashfs: version 4.0 (2009/01/31) Phillip Lougher
[    1.072821] fuse init (API version 7.23)
[    1.074249] Key type big_key registered
[    1.075433] Allocating IMA MOK and blacklist keyrings.
[    1.078759] Key type asymmetric registered
[    1.079929] Asymmetric key parser 'x509' registered
[    1.081413] Block layer SCSI generic (bsg) driver version 0.4 loaded (major 249)
[    1.083667] io scheduler noop registered
[    1.084826] io scheduler deadline registered (default)
[    1.086283] io scheduler cfq registered
[    1.087596] pci_hotplug: PCI Hot Plug PCI Core version: 0.5
[    1.089118] pciehp: PCI Express Hot Plug Controller Driver version: 0.4
[    1.091052] ACPI: AC Adapter [AC] (off-line)
[    1.092392] input: Power Button as /devices/LNXSYSTM:00/LNXPWRBN:00/input/input0
[    1.094624] ACPI: Power Button [PWRF]
[    1.095803] input: Sleep Button as /devices/LNXSYSTM:00/LNXSLPBN:00/input/input1
[    1.097982] ACPI: Sleep Button [SLPF]
[    1.099200] GHES: HEST is not enabled!
[    1.099996] ACPI: Battery Slot [BAT0] (battery present)
[    1.101796] Serial: 8250/16550 driver, 32 ports, IRQ sharing enabled
[    1.124168] 00:02: ttyS0 at I/O 0x3f8 (irq = 4, base_baud = 115200) is a 16550A
[    1.135309] Linux agpgart interface v0.103
[    1.143658] loop: module loaded
[    1.147476] scsi host0: ata_piix
[    1.150340] scsi host1: ata_piix
[    1.152555] ata1: PATA max UDMA/33 cmd 0x1f0 ctl 0x3f6 bmdma 0xd000 irq 14
[    1.156334] ata2: PATA max UDMA/33 cmd 0x170 ctl 0x376 bmdma 0xd008 irq 15
[    1.160357] libphy: Fixed MDIO Bus: probed
[    1.163164] tun: Universal TUN/TAP device driver, 1.6
[    1.166029] tun: (C) 1999-2004 Max Krasnyansky <maxk@qualcomm.com>
[    1.169968] PPP generic driver version 2.4.2
[    1.178995] ehci_hcd: USB 2.0 'Enhanced' Host Controller (EHCI) Driver
[    1.182893] ehci-pci: EHCI PCI platform driver
[    1.185769] ehci-platform: EHCI generic platform driver
[    1.189250] ohci_hcd: USB 1.1 'Open' Host Controller (OHCI) Driver
[    1.192816] ohci-pci: OHCI PCI platform driver
[    1.195494] ohci-platform: OHCI generic platform driver
[    1.198586] uhci_hcd: USB Universal Host Controller Interface driver
[    1.202367] i8042: PNP: PS/2 Controller [PNP0303:PS2K,PNP0f03:PS2M] at 0x60,0x64 irq 1,12
[    1.208104] serio: i8042 KBD port at 0x60,0x64 irq 1
[    1.211233] serio: i8042 AUX port at 0x60,0x64 irq 12
[    1.215338] mousedev: PS/2 mouse device common for all mice
[    1.219749] input: AT Translated Set 2 keyboard as /devices/platform/i8042/serio0/input/input2
[    1.226101] rtc_cmos rtc_cmos: rtc core: registered rtc_cmos as rtc0
[    1.229729] rtc_cmos rtc_cmos: alarms up to one day, 114 bytes nvram
[    1.233204] i2c /dev entries driver
[    1.235577] device-mapper: uevent: version 1.0.3
[    1.238691] device-mapper: ioctl: 4.34.0-ioctl (2015-10-28) initialised: dm-devel@redhat.com
[    1.243621] ledtrig-cpu: registered to indicate activity on CPUs
[    1.246926] NET: Registered protocol family 10
[    1.248952] NET: Registered protocol family 17
[    1.250698] Key type dns_resolver registered
[    1.253632] registered taskstats version 1
[    1.255186] Loading compiled-in X.509 certificates
[    1.258161] Loaded X.509 cert 'Build time autogenerated kernel key: cf00e047681d67edb2720680708b7d9498083038'
[    1.261543] zswap: loaded using pool lzo/zbud
[    1.266722] Key type trusted registered
[    1.274587] Key type encrypted registered
[    1.276139] AppArmor: AppArmor sha1 policy hashing enabled
[    1.278103] ima: No TPM chip found, activating TPM-bypass!
[    1.280055] ima: Allocated hash algorithm: sha1
[    1.281870] evm: HMAC attrs: 0x1
[    1.283844]   Magic number: 4:797:784
[    1.285578] rtc_cmos rtc_cmos: setting system clock to 2024-08-17 12:47:13 UTC (1723898833)
[    1.288913] BIOS EDD facility v0.16 2004-Jun-25, 0 devices found
[    1.291090] EDD information not available.
[    1.345785] Freeing unused kernel memory: 1492K
[    1.349093] Write protecting the kernel read-only data: 14336k
[    1.355186] Freeing unused kernel memory: 1584K
[    1.359332] Freeing unused kernel memory: 52K
Loading, please wait...
starting version 229
[    1.412221] random: systemd-udevd: uninitialized urandom read (16 bytes read, 3 bits of entropy available)
[    1.414244] random: udevadm: uninitialized urandom read (16 bytes read, 3 bits of entropy available)
[    1.414311] random: udevadm: uninitialized urandom read (16 bytes read, 3 bits of entropy available)
[    1.438362] random: systemd-udevd: uninitialized urandom read (16 bytes read, 3 bits of entropy available)
[    1.445975] random: systemd-udevd: uninitialized urandom read (16 bytes read, 3 bits of entropy available)
[    1.446575] random: udevadm: uninitialized urandom read (16 bytes read, 3 bits of entropy available)
[    1.446786] random: udevadm: uninitialized urandom read (16 bytes read, 3 bits of entropy available)
[    1.447287] random: udevadm: uninitialized urandom read (16 bytes read, 3 bits of entropy available)
[    1.447455] random: udevadm: uninitialized urandom read (16 bytes read, 3 bits of entropy available)
[    1.447621] random: udevadm: uninitialized urandom read (16 bytes read, 3 bits of entropy available)
[    1.526299] e1000: Intel(R) PRO/1000 Network Driver - version 7.3.21-k8-NAPI
[    1.528218] e1000: Copyright (c) 1999-2006 Intel Corporation.
[    1.532563] Fusion MPT base driver 3.04.20
[    1.533612] Copyright (c) 1999-2008 LSI Corporation
[    1.543018] Fusion MPT SPI Host driver 3.04.20
[    1.573177] AVX2 version of gcm_enc/dec engaged.
[    1.574495] AES CTR mode by8 optimization enabled
[    1.767602] input: ImExPS/2 Generic Explorer Mouse as /devices/platform/i8042/serio1/input/input4
[    2.093855] e1000 0000:00:03.0 eth0: (PCI:33MHz:32-bit) 02:be:82:6b:cc:1d
[    2.098596] e1000 0000:00:03.0 eth0: Intel(R) PRO/1000 Network Connection
[    2.106091] mptbase: ioc0: Initiating bringup
[    3.047138] ioc0: LSI53C1030 A0: Capabilities={Initiator}
[    4.601516] scsi host2: ioc0: LSI53C1030 A0, FwRev=00000000h, Ports=1, MaxQ=256, IRQ=20
[    6.095261] scsi 2:0:0:0: Direct-Access     VBOX     HARDDISK         1.0  PQ: 0 ANSI: 5
[    6.103722] scsi target2:0:0: Beginning Domain Validation
[    6.114862] scsi target2:0:0: Domain Validation skipping write tests
[    6.119511] scsi target2:0:0: Ending Domain Validation
[    6.123554] scsi target2:0:0: asynchronous
[    6.186395] scsi 2:0:1:0: Direct-Access     VBOX     HARDDISK         1.0  PQ: 0 ANSI: 5
[    6.190600] scsi target2:0:1: Beginning Domain Validation
[    6.196015] scsi target2:0:1: Domain Validation skipping write tests
[    6.198938] scsi target2:0:1: Ending Domain Validation
[    6.201604] scsi target2:0:1: asynchronous
[    6.254434] sd 2:0:0:0: Attached scsi generic sg0 type 0
[    6.256325] sd 2:0:0:0: [sda] 83886080 512-byte logical blocks: (42.9 GB/40.0 GiB)
[    6.259428] sd 2:0:1:0: [sdb] 20480 512-byte logical blocks: (10.5 MB/10.0 MiB)
[    6.261886] sd 2:0:1:0: Attached scsi generic sg1 type 0
[    6.264041] sd 2:0:1:0: [sdb] Write Protect is off
[    6.265556] sd 2:0:0:0: [sda] Write Protect is off
[    6.267169] sd 2:0:1:0: [sdb] Incomplete mode parameter data
[    6.268757] sd 2:0:1:0: [sdb] Assuming drive cache: write through
[    6.270507] sd 2:0:0:0: [sda] Incomplete mode parameter data
[    6.272103] sd 2:0:0:0: [sda] Assuming drive cache: write through
[    6.336127]  sda: sda1
[    6.339097] sd 2:0:1:0: [sdb] Attached SCSI disk
[    6.340774] sd 2:0:0:0: [sda] Attached SCSI disk
[    6.538601] e1000 0000:00:08.0 eth1: (PCI:33MHz:32-bit) 08:00:27:ff:61:6b
[    6.543318] e1000 0000:00:08.0 eth1: Intel(R) PRO/1000 Network Connection
[    6.551158] e1000 0000:00:08.0 enp0s8: renamed from eth1
[    6.567312] e1000 0000:00:03.0 enp0s3: renamed from eth0
Begin: Loading essential drivers ... [    8.061326] md: linear personality registered for level -1
[    8.073754] md: multipath personality registered for level -4
[    8.085376] md: raid0 personality registered for level 0
[    8.102102] md: raid1 personality registered for level 1
[    8.185515] raid6: sse2x1   gen()  2769 MB/s
[    8.253382] raid6: sse2x1   xor()  3802 MB/s
[    8.321492] raid6: sse2x2   gen()  8182 MB/s
[    8.389497] raid6: sse2x2   xor()  5357 MB/s
[    8.457505] raid6: sse2x4   gen()  9225 MB/s
[    8.525504] raid6: sse2x4   xor()  6471 MB/s
[    8.593499] raid6: avx2x1   gen() 12687 MB/s
[    8.661436] raid6: avx2x2   gen() 13605 MB/s
[    8.729515] raid6: avx2x4   gen()  8221 MB/s
[    8.731247] raid6: using algorithm avx2x2 gen() 13605 MB/s
[    8.733332] raid6: using avx2x2 recovery algorithm
[    8.738089] xor: automatically using best checksumming function:
[    8.778154]    avx       : 16471.000 MB/sec
[    8.781380] async_tx: api initialized (async)
[    8.797586] md: raid6 personality registered for level 6
[    8.799160] md: raid5 personality registered for level 5
[    8.800895] md: raid4 personality registered for level 4
[    8.811761] md: raid10 personality registered for level 10
done.
Begin: Running /scripts/init-premount ... done.
Begin: Mounting root file system ... Begin: Running /scripts/local-top ... done.
Begin: Running /scripts/local-premount ... [    8.858383] Btrfs loaded
Scanning for Btrfs filesystems
done.
Warning: fsck not present, so skipping root file system
[    8.977455] EXT4-fs (sda1): mounted filesystem with ordered data mode. Opts: (null)
done.
Begin: Running /scripts/local-bottom ... done.
Begin: Running /scripts/init-bottom ... done.
[    9.938742] random: nonblocking pool is initialized
[    9.967035] systemd[1]: systemd 229 running in system mode. (+PAM +AUDIT +SELINUX +IMA +APPARMOR +SMACK +SYSVINIT +UTMP +LIBCRYPTSETUP +GCRYPT +GNUTLS +ACL +XZ -LZ4 +SECCOMP +BLKID +ELFUTILS +KMOD -IDN)
[    9.981957] systemd[1]: Detected virtualization oracle.
[    9.987190] systemd[1]: Detected architecture x86-64.

Welcome to [1mUbuntu 16.04.7 LTS[0m!

[   10.509099] systemd[1]: Set hostname to <web01>.
[   12.560620] systemd[1]: Reached target Swap.
[[0;32m  OK  [0m] Reached target Swap.
[   13.009782] systemd[1]: Listening on fsck to fsckd communication Socket.
[[0;32m  OK  [0m] Listening on fsck to fsckd communication Socket.
[   13.017481] systemd[1]: Listening on Journal Socket.
[[0;32m  OK  [0m] Listening on Journal Socket.
[   13.023413] systemd[1]: Listening on LVM2 metadata daemon socket.
[[0;32m  OK  [0m] Listening on LVM2 metadata daemon socket.
[   13.053208] systemd[1]: Listening on Device-mapper event daemon FIFOs.
[[0;32m  OK  [0m] Listening on Device-mapper event daemon FIFOs.
[   13.060108] systemd[1]: Started Trigger resolvconf update for networkd DNS.
[[0;32m  OK  [0m] Started Trigger resolvconf update for networkd DNS.
[   13.067506] systemd[1]: Reached target User and Group Name Lookups.
[[0;32m  OK  [0m] Reached target User and Group Name Lookups.
[   13.074409] systemd[1]: Listening on Journal Socket (/dev/log).
[[0;32m  OK  [0m] Listening on Journal Socket (/dev/log).
[   13.080478] systemd[1]: Reached target Encrypted Volumes.
[[0;32m  OK  [0m] Reached target Encrypted Volumes.
[   13.086289] systemd[1]: Reached target System Time Synchronized.
[[0;32m  OK  [0m] Reached target System Time Synchronized.
[   13.092770] systemd[1]: Set up automount Arbitrary Executable File Formats File System Automount Point.
[[0;32m  OK  [0m] Set up automount Arbitrary Executab...ats File System Automount Point.
[   13.099253] systemd[1]: Created slice System Slice.
[[0;32m  OK  [0m] Created slice System Slice.
[   13.138584] systemd[1]: Starting Load Kernel Modules...
         Starting Load Kernel Modules...
[   13.210190] systemd[1]: Mounting Huge Pages File System...
         Mounting Huge Pages File System...
[   13.222022] systemd[1]: Mounting POSIX Message Queue File System...
         Mounting POSIX Message Queue File System...
[   13.232386] systemd[1]: Starting Nameserver information manager...
         Starting Nameserver information manager...
[   13.243817] systemd[1]: Starting Create list of required static device nodes for the current kernel...
         Starting Create list of required st... nodes for the current kernel...
[   13.265376] systemd[1]: Starting File System Check on Root Device...
         Starting File System Check on Root Device...
[   13.276136] systemd[1]: Starting Set console keymap...
         Starting Set console keymap...
[   13.283444] systemd[1]: Listening on /dev/initctl Compatibility Named Pipe.
[[0;32m  OK  [0m] Listening on /dev/initctl Compatibility Named Pipe.
[   13.295981] systemd[1]: Listening on Syslog Socket.
[   13.301306] Loading iSCSI transport class v2.0-870.
[[0;32m  OK  [0m] Listening on Syslog Socket.
[   13.309685] systemd[1]: Listening on Journal Audit Socket.
[[0;32m  OK  [0m] Listening on Journal Audit Socket.
[   13.322390] systemd[1]: Listening on udev Control Socket.
[[0;32m  OK  [0m] Listening on udev Control Socket.
[   13.335268] systemd[1]: Created slice User and Session Slice.
[[0;32m  OK  [0m] Created slice User and Session Slice.
[   13.366459] systemd[1]: Starting Uncomplicated firewall...
         Starting Uncomplicated firewall...
[   13.373782] systemd[1]: Starting Journal Service...
         Starting Journal Service...
[   13.378206] systemd[1]: Started Forward Password Requests to Wall Directory Watch.
[[0;32m  OK  [0m] Started Forward Password Requests to Wall Directory Watch.
[   13.387823] systemd[1]: Mounting Debug File System...
         Mounting Debug File System...
[   13.393172] iscsi: registered transport (tcp)
[   13.397789] systemd[1]: Starting Monitoring of LVM2 mirrors, snapshots etc. using dmeventd or progress polling...
         Starting Monitoring of LVM2 mirrors... dmeventd or progress polling...
[   13.408207] systemd[1]: Created slice system-serial\x2dgetty.slice.
[[0;32m  OK  [0m] Created slice system-serial\x2dgetty.slice.
[   13.414681] systemd[1]: Listening on udev Kernel Socket.
[[0;32m  OK  [0m] Listening on udev Kernel Socket.
[   13.420237] systemd[1]: Reached target Slices.
[[0;32m  OK  [0m] Reached target Slices.
[   13.424640] systemd[1]: Listening on LVM2 poll daemon socket.
[[0;32m  OK  [0m] Listening on LVM2 poll daemon socket.
[   13.447975] systemd[1]: Mounted Huge Pages File System.
[[0;32m  OK  [0m] Mounted Huge Pages File System.
[   13.452326] systemd[1]: Mounted POSIX Message Queue File System.
[[0;32m  OK  [0m] Mounted POSIX Message Queue File System.
[   13.457384] systemd[1]: Mounted Debug File System.
[[0;32m  OK  [0m] Mounted Debug File System.
[   13.464826] systemd[1]: Started Create list of required static device nodes for the current kernel.
[[0;32m  OK  [0m] Started Create list of required sta...ce nodes for the current kernel.
[   13.475747] systemd[1]: Started File System Check Daemon to report status.
[[0;32m  OK  [0m] Started File System Check Daemon to report status.
[   13.483541] systemd[1]: Starting Create Static Device Nodes in /dev...
         Starting Create Static Device Nodes in /dev...
[   13.504190] systemd[1]: Started Uncomplicated firewall.
[[0;32m  OK  [0m] Started Uncomplicated firewall.
[   13.590183] systemd[1]: Started Nameserver information manager.
[[0;32m  OK  [0m] Started Nameserver information manager.
[   13.748017] systemd[1]: Started File System Check on Root Device.
[[0;32m  OK  [0m] Started File System Check on Root Device.
[   13.778149] systemd[1]: Starting Remount Root and Kernel File Systems...
         Starting Remount Root and Kernel File Systems...
[   13.813268] iscsi: registered transport (iser)
[   13.816785] systemd[1]: Started Load Kernel Modules.
[   13.817177] EXT4-fs (sda1): re-mounted. Opts: (null)
[[0;32m  OK  [0m] Started Load Kernel Modules.
[   13.827108] systemd[1]: Started Remount Root and Kernel File Systems.
[[0;32m  OK  [0m] Started Remount Root and Kernel File Systems.
[   13.882801] systemd[1]: Starting udev Coldplug all Devices...
         Starting udev Coldplug all Devices...
[   13.893414] systemd[1]: Starting Load/Save Random Seed...
         Starting Load/Save Random Seed...
[   13.902803] systemd[1]: Mounting FUSE Control File System...
         Mounting FUSE Control File System...
[   13.913635] systemd[1]: Starting Apply Kernel Variables...
         Starting Apply Kernel Variables...
[   13.933162] systemd[1]: Mounted FUSE Control File System.
[[0;32m  OK  [0m] Mounted FUSE Control File System.
[   13.940257] systemd[1]: Started Journal Service.
[[0;32m  OK  [0m] Started Journal Service.
[[0;32m  OK  [0m] Started Set console keymap.
[[0;32m  OK  [0m] Started LVM2 metadata daemon.
         Starting Flush Journal to Persistent Storage...
[[0;32m  OK  [0m] Started Load/Save Random Seed.
[   14.065673] systemd-journald[385]: Received request to flush runtime journal from PID 1
[[0;32m  OK  [0m] Started Create Static Device Nodes in /dev.
         Starting udev Kernel Device Manager...
[[0;32m  OK  [0m] Started Apply Kernel Variables.
[[0;32m  OK  [0m] Started Flush Journal to Persistent Storage.
[[0;32m  OK  [0m] Started udev Coldplug all Devices.
[[0;32m  OK  [0m] Started udev Kernel Device Manager.
[[0;32m  OK  [0m] Started Dispatch Password Requests to Console Directory Watch.
[[0;32m  OK  [0m] Started Monitoring of LVM2 mirrors,...ng dmeventd or progress polling.
[[0;32m  OK  [0m] Reached target Local File Systems (Pre).
[[0;32m  OK  [0m] Reached target Local File Systems.
         Starting Set console font and keymap...
         Starting Initial cloud-init job (pre-networking)...
         Starting Create Volatile Files and Directories...
         Starting Tell Plymouth To Write Out Runtime Data...
         Starting LSB: AppArmor initialization...
[[0;32m  OK  [0m] Found device /dev/ttyS0.
[[0;32m  OK  [0m] Listening on Load/Save RF Kill Switch Status /dev/rfkill Watch.
[[0;32m  OK  [0m] Started Tell Plymouth To Write Out Runtime Data.
[[0;32m  OK  [0m] Found device 82540EM Gigabit Ethern...r (PRO/1000 MT Desktop Adapter).
[[0;32m  OK  [0m] Found device 82540EM Gigabit Ethern...r (PRO/1000 MT Desktop Adapter).
[[0;32m  OK  [0m] Started Create Volatile Files and Directories.
         Starting Update UTMP about System Boot/Shutdown...
[[0;32m  OK  [0m] Started Update UTMP about System Boot/Shutdown.
[[0;32m  OK  [0m] Started Set console font and keymap.
[[0;32m  OK  [0m] Created slice system-getty.slice.
[[0;32m  OK  [0m] Started LSB: AppArmor initialization.
         Starting Load AppArmor profiles managed internally by snapd...
[[0;32m  OK  [0m] Started Load AppArmor profiles managed internally by snapd.
[   21.479685] cloud-init[490]: Cloud-init v. 21.1-19-gbad84ad4-0ubuntu1~16.04.2 running 'init-local' at Sat, 17 Aug 2024 12:47:32 +0000. Up 20.37 seconds.
[[0;32m  OK  [0m] Started Initial cloud-init job (pre-networking).
[[0;32m  OK  [0m] Reached target Network (Pre).
         Starting Raise network interfaces...
[[0;32m  OK  [0m] Started ifup for enp0s8.
[[0;32m  OK  [0m] Started ifup for enp0s3.
[[0;32m  OK  [0m] Started Raise network interfaces.
         Starting Initial cloud-init job (metadata service crawler)...
[[0;32m  OK  [0m] Reached target Network.
[   23.151535] cloud-init[1083]: Cloud-init v. 21.1-19-gbad84ad4-0ubuntu1~16.04.2 running 'init' at Sat, 17 Aug 2024 12:47:34 +0000. Up 22.45 seconds.
[   23.158694] cloud-init[1083]: ci-info: ++++++++++++++++++++++++++++++++++++++Net device info+++++++++++++++++++++++++++++++++++++++
[   23.165245] cloud-init[1083]: ci-info: +--------+------+-----------------------------+---------------+--------+-------------------+
[   23.171721] cloud-init[1083]: ci-info: | Device |  Up  |           Address           |      Mask     | Scope  |     Hw-Address    |
[   23.177800] cloud-init[1083]: ci-info: +--------+------+-----------------------------+---------------+--------+-------------------+
[   23.181684] cloud-init[1083]: ci-info: | enp0s3 | True |          10.0.2.15          | 255.255.255.0 | global | 02:be:82:6b:cc:1d |
[   23.186304] cloud-init[1083]: ci-info: | enp0s3 | True |  fe80::be:82ff:fe6b:cc1d/64 |       .       |  link  | 02:be:82:6b:cc:1d |
[   23.190083] cloud-init[1083]: ci-info: | enp0s8 | True |        192.168.56.11        | 255.255.255.0 | global | 08:00:27:ff:61:6b |
[   23.193816] cloud-init[1083]: ci-info: | enp0s8 | True | fe80::a00:27ff:feff:616b/64 |       .       |  link  | 08:00:27:ff:61:6b |
[   23.197605] cloud-init[1083]: ci-info: |   lo   | True |          127.0.0.1          |   255.0.0.0   |  host  |         .         |
[   23.201363] cloud-init[1083]: ci-info: |   lo   | True |           ::1/128           |       .       |  host  |         .         |
[   23.205200] cloud-init[1083]: ci-info: +--------+------+-----------------------------+---------------+--------+-------------------+
[   23.209032] cloud-init[1083]: ci-info: ++++++++++++++++++++++++++++Route IPv4 info++++++++++++++++++++++++++++
[   23.212147] cloud-init[1083]: ci-info: +-------+--------------+----------+---------------+-----------+-------+
[   23.215047] cloud-init[1083]: ci-info: | Route | Destination  | Gateway  |    Genmask    | Interface | Flags |
[   23.218021] cloud-init[1083]: ci-info: +-------+--------------+----------+---------------+-----------+-------+
[   23.221025] cloud-init[1083]: ci-info: |   0   |   0.0.0.0    | 10.0.2.2 |    0.0.0.0    |   enp0s3  |   UG  |
[   23.223959] cloud-init[1083]: ci-info: |   1   |   10.0.2.0   | 0.0.0.0  | 255.255.255.0 |   enp0s3  |   U   |
[   23.227556] cloud-init[1083]: ci-info: |   2   | 192.168.56.0 | 0.0.0.0  | 255.255.255.0 |   enp0s8  |   U   |
[   23.231317] cloud-init[1083]: ci-info: +-------+--------------+----------+---------------+-----------+-------+
[   23.234986] cloud-init[1083]: ci-info: +++++++++++++++++++Route IPv6 info+++++++++++++++++++
[   23.237081] cloud-init[1083]: ci-info: +-------+-------------+---------+-----------+-------+
[   23.244968] cloud-init[1083]: ci-info: | Route | Destination | Gateway | Interface | Flags |
[   23.247453] cloud-init[1083]: ci-info: +-------+-------------+---------+-----------+-------+
[   23.249909] cloud-init[1083]: ci-info: |   0   |  fe80::/64  |    ::   |   enp0s8  |   U   |
[   23.252317] cloud-init[1083]: ci-info: |   1   |  fe80::/64  |    ::   |   enp0s3  |   U   |
[   23.254614] cloud-init[1083]: ci-info: |   4   |   ff00::/8  |    ::   |   enp0s8  |   U   |
[   23.257069] cloud-init[1083]: ci-info: |   5   |   ff00::/8  |    ::   |   enp0s3  |   U   |
[   23.259408] cloud-init[1083]: ci-info: +-------+-------------+---------+-----------+-------+
[[0;32m  OK  [0m] Started Initial cloud-init job (metadata service crawler).
[[0;32m  OK  [0m] Reached target Network is Online.
         Starting iSCSI initiator daemon (iscsid)...
[[0;32m  OK  [0m] Reached target Cloud-config availability.
[[0;32m  OK  [0m] Reached target System Initialization.
[[0;32m  OK  [0m] Started Message of the Day.
[[0;32m  OK  [0m] Listening on UUID daemon activation socket.
[[0;32m  OK  [0m] Started ACPI Events Check.
[[0;32m  OK  [0m] Reached target Paths.
[[0;32m  OK  [0m] Listening on ACPID Listen Socket.
[[0;32m  OK  [0m] Started Daily Cleanup of Temporary Directories.
[[0;32m  OK  [0m] Started Ubuntu Advantage update messaging.
         Starting LXD - unix socket.
[[0;32m  OK  [0m] Listening on D-Bus System Message Bus Socket.
[[0;32m  OK  [0m] Started Daily apt download activities.
         Starting Socket activation for snappy daemon.
[[0;32m  OK  [0m] Started Daily apt upgrade and clean activities.
[[0;32m  OK  [0m] Reached target Timers.
[[0;32m  OK  [0m] Listening on LXD - unix socket.
[[0;32m  OK  [0m] Listening on Socket activation for snappy daemon.
[[0;32m  OK  [0m] Reached target Sockets.
[[0;32m  OK  [0m] Reached target Basic System.
         Starting LSB: Record successful boot for GRUB...
[[0;32m  OK  [0m] Started ACPI event daemon.
         Starting LXD - container startup/shutdown...
         Starting Accounts Service...
         Starting LSB: MD monitoring daemon...
         Starting OpenBSD Secure Shell server...
[[0;32m  OK  [0m] Started FUSE filesystem for LXC.
         Starting System Logging Service...
[[0;32m  OK  [0m] Started D-Bus System Message Bus.
         Starting Message of the Day...
         Starting Login Service...
         Starting Virtualbox guest utils...
[[0;32m  OK  [0m] Started Deferred execution scheduler.
         Starting Ubuntu Advantage APT and MOTD Messages...
         Starting Snap Daemon...
         Starting /etc/rc.local Compatibility...
[[0;32m  OK  [0m] Started Regular background program processing daemon.
[[0;32m  OK  [0m] Started System Logging Service.
[[0;32m  OK  [0m] Started iSCSI initiator daemon (iscsid).
[[0;32m  OK  [0m] Started Message of the Day.
[[0;32m  OK  [0m] Started /etc/rc.local Compatibility.
         Starting Login to default iSCSI targets...
[[0;32m  OK  [0m] Started OpenBSD Secure Shell server.
[[0;32m  OK  [0m] Started LSB: Record successful boot for GRUB.
[[0;32m  OK  [0m] Started Login Service.
[[0;32m  OK  [0m] Started Unattended Upgrades Shutdown.
[[0;32m  OK  [0m] Started LSB: MD monitoring daemon.
[[0;32m  OK  [0m] Started Login to default iSCSI targets.
[[0;32m  OK  [0m] Reached target Remote File Systems (Pre).
         Mounting /vagrant...
[[0;32m  OK  [0m] Mounted /vagrant.
[[0;32m  OK  [0m] Reached target Remote File Systems.
         Starting LSB: daemon to balance interrupts for SMP systems...
         Starting LSB: automatic crash report generation...
         Starting LSB: Set the CPU Frequency Scaling governor to "ondemand"...
         Starting Permit User Sessions...
         Starting Authenticate and Authorize Users to Run Privileged Tasks...
[[0;32m  OK  [0m] Started Permit User Sessions.
         Starting Hold until boot process finishes up...
         Starting Terminate Plymouth Boot Screen...
[[0;32m  OK  [0m] Started LSB: Set the CPU Frequency Scaling governor to "ondemand".
[[0;32m  OK  [0m] Started Hold until boot process finishes up.
[[0;32m  OK  [0m] Started Serial Getty on ttyS0.
[[0;32m  OK  [0m] Started Getty on tty1.
[[0;32m  OK  [0m] Reached target Login Prompts.
         Starting Set console scheme...
[[0;32m  OK  [0m] Started Virtualbox guest utils.
[[0;32m  OK  [0m] Started Terminate Plymouth Boot Screen.
[[0;32m  OK  [0m] Started Set console scheme.
[[0;32m  OK  [0m] Started LSB: daemon to balance interrupts for SMP systems.
[[0;32m  OK  [0m] Started LSB: automatic crash report generation.
[[0;32m  OK  [0m] Started Authenticate and Authorize Users to Run Privileged Tasks.
[[0;32m  OK  [0m] Started Accounts Service.
[[0;32m  OK  [0m] Started LXD - container startup/shutdown.
[[0;32m  OK  [0m] Started Snap Daemon.
         Starting Wait until snapd is fully seeded...
[[0;32m  OK  [0m] Started Wait until snapd is fully seeded.
         Starting Apply the settings specified in cloud-config...
[[0;32m  OK  [0m] Reached target Multi-User System.
[[0;32m  OK  [0m] Reached target Graphical Interface.
         Starting Update UTMP about System Runlevel Changes...
[[0;32m  OK  [0m] Started Update UTMP about System Runlevel Changes.
[   29.799138] cloud-init[1370]: Cloud-init v. 21.1-19-gbad84ad4-0ubuntu1~16.04.2 running 'modules:config' at Sat, 17 Aug 2024 12:47:41 +0000. Up 29.30 seconds.
[[0;32m  OK  [0m] Started Ubuntu Advantage APT and MOTD Messages.
[[0;32m  OK  [0m] Created slice User Slice of vagrant.
[[0;32m  OK  [0m] Started Apply the settings specified in cloud-config.
[[0;32m  OK  [0m] Started Session 1 of user vagrant.
         Starting Execute cloud user/final scripts...
         Starting User Manager for UID 1000...
[[0;32m  OK  [0m] Started User Manager for UID 1000.
[   30.713759] cloud-init[1385]: Cloud-init v. 21.1-19-gbad84ad4-0ubuntu1~16.04.2 running 'modules:final' at Sat, 17 Aug 2024 12:47:42 +0000. Up 30.39 seconds.
[   30.715845] cloud-init[1385]: Cloud-init v. 21.1-19-gbad84ad4-0ubuntu1~16.04.2 finished at Sat, 17 Aug 2024 12:47:43 +0000. Datasource DataSourceNoCloud [seed=/dev/sdb][dsmode=net].  Up 30.69 seconds

Ubuntu 16.04.7 LTS web01 ttyS0

web01 login: [[0;32m  OK  [0m] Stopped Unattended Upgrades Shutdown.
         Stopping ACPI event daemon...
         Stopping Session 17 of user vagrant.
[[0;32m  OK  [0m] Closed Load/Save RF Kill Switch Status /dev/rfkill Watch.
[[0;32m  OK  [0m] Stopped target Cloud-init target.
[[0;32m  OK  [0m] Stopped Execute cloud user/final scripts.
[[0;32m  OK  [0m] Stopped target Timers.
[[0;32m  OK  [0m] Stopped Daily apt upgrade and clean activities.
[[0;32m  OK  [0m] Stopped Message of the Day.
[[0;32m  OK  [0m] Stopped Daily Cleanup of Temporary Directories.
[[0;32m  OK  [0m] Stopped Ubuntu Advantage update messaging.
[[0;32m  OK  [0m] Stopped Daily apt download activities.
[[0;32m  OK  [0m] Stopped target System Time Synchronized.
         Stopping User Manager for UID 1000...
[[0;32m  OK  [0m] Stopped Apply the settings specified in cloud-config.
[[0;32m  OK  [0m] Stopped target Cloud-config availability.
[[0;32m  OK  [0m] Stopped target Graphical Interface.
         Stopping Accounts Service...
[[0;32m  OK  [0m] Stopped target Multi-User System.
         Stopping LSB: automatic crash report generation...
         Stopping LSB: daemon to balance interrupts for SMP systems...
[[0;32m  OK  [0m] Stopped target Login Prompts.
         Stopping Getty on tty1...
         Stopping Serial Getty on ttyS0...
         Stopping OpenBSD Secure Shell server...
[[0;32m  OK  [0m] Stopped Wait until snapd is fully seeded.
         Stopping Deferred execution scheduler...
         Stopping LSB: Apache2 web server...
         Stopping FUSE filesystem for LXC...
         Stopping System Logging Service...
         Stopping LXD - container startup/shutdown...
         Stopping Regular background program processing daemon...
         Stopping LSB: MD monitoring daemon...
         Stopping D-Bus System Message Bus...
         Stopping LSB: Record successful boot for GRUB...
         Stopping Virtualbox guest utils...
         Stopping LSB: Set the CPU Frequency Scaling governor to "ondemand"...
         Stopping Authenticate and Authorize Users to Run Privileged Tasks...
[[0;32m  OK  [0m] Unmounted /var/lib/lxcfs.
[[0;32m  OK  [0m] Stopped ACPI event daemon.
[[0;32m  OK  [0m] Stopped Accounts Service.
[[0;32m  OK  [0m] Stopped System Logging Service.
[[0;32m  OK  [0m] Stopped Deferred execution scheduler.
[[0;32m  OK  [0m] Stopped Regular background program processing daemon.
[[0;32m  OK  [0m] Stopped OpenBSD Secure Shell server.
[[0;32m  OK  [0m] Stopped Authenticate and Authorize Users to Run Privileged Tasks.
[[0;32m  OK  [0m] Stopped Serial Getty on ttyS0.
[[0;32m  OK  [0m] Stopped Getty on tty1.
[[0;32m  OK  [0m] Stopped User Manager for UID 1000.
[[0;32m  OK  [0m] Stopped Session 17 of user vagrant.
[[0;32m  OK  [0m] Stopped D-Bus System Message Bus.
[[0;32m  OK  [0m] Stopped FUSE filesystem for LXC.
[[0;32m  OK  [0m] Stopped LXD - container startup/shutdown.
[[0;32m  OK  [0m] Stopped LSB: daemon to balance interrupts for SMP systems.
[[0;32m  OK  [0m] Stopped LSB: Record successful boot for GRUB.
[[0;32m  OK  [0m] Stopped LSB: Set the CPU Frequency Scaling governor to "ondemand".
[[0;32m  OK  [0m] Stopped LSB: automatic crash report generation.
[[0;32m  OK  [0m] Stopped LSB: MD monitoring daemon.
[[0;32m  OK  [0m] Removed slice User Slice of vagrant.
         Stopping Login Service...
[[0;32m  OK  [0m] Removed slice system-getty.slice.
         Stopping Permit User Sessions...
[[0;32m  OK  [0m] Stopped /etc/rc.local Compatibility.
[[0;32m  OK  [0m] Removed slice system-serial\x2dgetty.slice.
[[0;32m  OK  [0m] Stopped Permit User Sessions.
[[0;32m  OK  [0m] Stopped Virtualbox guest utils.
[[0;32m  OK  [0m] Stopped Login Service.
[[0;32m  OK  [0m] Stopped target User and Group Name Lookups.
[[0;32m  OK  [0m] Stopped LSB: Apache2 web server.
[[0;32m  OK  [0m] Stopped target Basic System.
[[0;32m  OK  [0m] Stopped target Sockets.
[[0;32m  OK  [0m] Closed ACPID Listen Socket.
[[0;32m  OK  [0m] Closed Socket activation for snappy daemon.
[[0;32m  OK  [0m] Closed D-Bus System Message Bus Socket.
[[0;32m  OK  [0m] Closed LXD - unix socket.
[[0;32m  OK  [0m] Closed UUID daemon activation socket.
[[0;32m  OK  [0m] Closed Syslog Socket.
[[0;32m  OK  [0m] Stopped target Slices.
[[0;32m  OK  [0m] Removed slice User and Session Slice.
[[0;32m  OK  [0m] Stopped target Paths.
[[0;32m  OK  [0m] Stopped Dispatch Password Requests to Console Directory Watch.
[[0;32m  OK  [0m] Stopped Forward Password Requests to Wall Directory Watch.
[[0;32m  OK  [0m] Stopped ACPI Events Check.
[[0;32m  OK  [0m] Stopped target System Initialization.
         Stopping Load/Save Random Seed...
         Stopping Update UTMP about System Boot/Shutdown...
[[0;32m  OK  [0m] Stopped target Encrypted Volumes.
[[0;32m  OK  [0m] Stopped target Swap.
[[0;32m  OK  [0m] Stopped target Remote File Systems.
         Unmounting /vagrant...
[[0;32m  OK  [0m] Stopped Load/Save Random Seed.
[[0;32m  OK  [0m] Stopped Update UTMP about System Boot/Shutdown.
[[0;32m  OK  [0m] Stopped Create Volatile Files and Directories.
[[0;32m  OK  [0m] Unmounted /vagrant.
[[0;32m  OK  [0m] Stopped target Remote File Systems (Pre).
         Stopping Login to default iSCSI targets...
[[0;32m  OK  [0m] Stopped Login to default iSCSI targets.
         Stopping iSCSI initiator daemon (iscsid)...
[[0;32m  OK  [0m] Stopped iSCSI initiator daemon (iscsid).
[[0;32m  OK  [0m] Stopped target Network is Online.
[[0;32m  OK  [0m] Stopped Initial cloud-init job (metadata service crawler).
[[0;32m  OK  [0m] Stopped target Network.
         Stopping Raise network interfaces...
[[0;32m  OK  [0m] Stopped Raise network interfaces.
[[0;32m  OK  [0m] Stopped Apply Kernel Variables.
[[0;32m  OK  [0m] Stopped target Network (Pre).
[[0;32m  OK  [0m] Stopped Initial cloud-init job (pre-networking).
[[0;32m  OK  [0m] Stopped Load Kernel Modules.
[[0;32m  OK  [0m] Stopped target Local File Systems.
         Unmounting /run/user/1000...
[[0;32m  OK  [0m] Unmounted /run/user/1000.
[[0;32m  OK  [0m] Reached target Unmount All Filesystems.
[[0;32m  OK  [0m] Stopped target Local File Systems (Pre).
[[0;32m  OK  [0m] Stopped Remount Root and Kernel File Systems.
[[0;32m  OK  [0m] Stopped Create Static Device Nodes in /dev.
[[0;32m  OK  [0m] Reached target Shutdown.
[ 8512.374052] reboot: Power down
